<?xml version="1.0" encoding="UTF-8"?>
<!-- Generated by org.testng.reporters.JUnitReportReporter -->
<testsuite hostname="DESKTOP-911GN6F" name="com.testing.TestFile" tests="5" failures="0" timestamp="19 Jan 2021 20:44:34 GMT" time="94.367" errors="0">
  <testcase name="login" time="12.403" classname="com.testing.TestFile"/>
  <testcase name="ReadUnread" time="18.873" classname="com.testing.TestFile"/>
  <testcase name="trashMail" time="25.924" classname="com.testing.TestFile"/>
  <testcase name="login2" time="14.423" classname="com.testing.TestFile"/>
  <testcase name="mail" time="22.744" classname="com.testing.TestFile"/>
</testsuite> <!-- com.testing.TestFile -->
